<?xml version="1.0" encoding="UTF-8"?>
<!-- Generated by org.testng.reporters.JUnitReportReporter -->
<testsuite hostname="Tenzins-MacBook-Pro-2.local" failures="0" tests="3" name="org.example.AppTest" time="4.307" errors="0" timestamp="2023-04-21T10:40:33 IST" skipped="0">
  <testcase classname="org.example.AppTest" name="dropdownMethod" time="2.200"/>
  <system-out/>
  <testcase classname="org.example.AppTest" name="checkBoxMethod" time="2.055"/>
  <system-out/>
  <testcase classname="org.example.AppTest" name="RadioButtonMethod" time="0.052"/>
  <system-out/>
</testsuite> <!-- org.example.AppTest -->
